<?xml version="1.0" encoding="UTF-8"?>
<testng-results ignored="0" total="3" passed="3" failed="0" skipped="0">
  <reporter-output>
  </reporter-output>
  <suite started-at="2022-10-16T20:47:35 IST" name="Default suite" finished-at="2022-10-16T20:48:12 IST" duration-ms="36361">
    <groups>
    </groups>
    <test started-at="2022-10-16T20:47:35 IST" name="Default test" finished-at="2022-10-16T20:48:12 IST" duration-ms="36361">
      <class name="practice2.Test8">
        <test-method signature="demo(java.lang.String,java.lang.String)[pri:0, instance:practice2.Test8@5be6e01c]" started-at="2022-10-16T20:47:35 IST" name="demo" data-provider="getData" finished-at="2022-10-16T20:47:44 IST" duration-ms="8608" status="PASS">
          <params>
            <param index="0">
              <value>
                <![CDATA[12ax]]>
              </value>
            </param>
            <param index="1">
              <value>
                <![CDATA[123456]]>
              </value>
            </param>
          </params>
          <reporter-output>
          </reporter-output>
        </test-method> <!-- demo -->
        <test-method signature="demo(java.lang.String,java.lang.String)[pri:0, instance:practice2.Test8@5be6e01c]" started-at="2022-10-16T20:47:44 IST" name="demo" data-provider="getData" finished-at="2022-10-16T20:47:56 IST" duration-ms="12315" status="PASS">
          <params>
            <param index="0">
              <value>
                <![CDATA[admin]]>
              </value>
            </param>
            <param index="1">
              <value>
                <![CDATA[123456]]>
              </value>
            </param>
          </params>
          <reporter-output>
          </reporter-output>
        </test-method> <!-- demo -->
        <test-method signature="demo(java.lang.String,java.lang.String)[pri:0, instance:practice2.Test8@5be6e01c]" started-at="2022-10-16T20:47:56 IST" name="demo" data-provider="getData" finished-at="2022-10-16T20:48:12 IST" duration-ms="15384" status="PASS">
          <params>
            <param index="0">
              <value>
                <![CDATA[xyz]]>
              </value>
            </param>
            <param index="1">
              <value>
                <![CDATA[n2346^]]>
              </value>
            </param>
          </params>
          <reporter-output>
          </reporter-output>
        </test-method> <!-- demo -->
      </class> <!-- practice2.Test8 -->
    </test> <!-- Default test -->
  </suite> <!-- Default suite -->
</testng-results>
